PRT1
153
355
4 0 10 (4096 1408 1535 ) (4096 1534.489990 1535 ) (4096 1534.489990 0 ) (4096 1408 0 ) 
4 0 2 (5118.180664 1408 2.333310 ) (5118.180664 1408 512 ) (4944 1408 512 ) (4944 1408 2.333310 ) 
4 0 3 (4928 1408 512 ) (4112 1408 512 ) (4112 1408 2.333310 ) (4928 1408 2.333310 ) 
4 0 1 (5118.180664 1408 512 ) (5118.180664 1408 1535 ) (4096 1408 1535 ) (4096 1408 512 ) 
4 0 4 (4096 1408 0 ) (5118.180664 1408 0 ) (5118.180664 1408 2.333310 ) (4096 1408 2.333310 ) 
4 1 10 (4096 1024 512 ) (4096 1024 1535 ) (4096 1408 1535 ) (4096 1408 512 ) 
4 1 5 (5118.180664 1024 1535 ) (4096 1024 1535 ) (4096 1024 512 ) (5118.180664 1024 512 ) 
4 1 2 (4944 1408 512 ) (5118.180664 1408 512 ) (5118.180664 1024 512 ) (4944 1024 512 ) 
4 1 3 (4112 1408 512 ) (4928 1408 512 ) (4928 1024 512 ) (4112 1024 512 ) 
4 2 6 (4944 1024 2.333310 ) (5118.180664 1024 2.333310 ) (5118.180664 1024 512 ) (4944 1024 512 ) 
4 2 4 (4944 1408 2.333310 ) (5118.180664 1408 2.333310 ) (5118.180664 1024 2.333310 ) (4944 1024 2.333310 ) 
4 3 7 (4112 1024 2.333310 ) (4928 1024 2.333310 ) (4928 1024 512 ) (4112 1024 512 ) 
4 3 4 (4112 1408 2.333310 ) (4928 1408 2.333310 ) (4928 1024 2.333310 ) (4112 1024 2.333310 ) 
4 4 10 (4096 1024 0 ) (4096 1024 2.333310 ) (4096 1408 2.333310 ) (4096 1408 0 ) 
4 4 9 (4096 1024 2.333310 ) (4096 1024 0 ) (5118.180664 1024 0 ) (5118.180664 1024 2.333310 ) 
4 5 22 (5118.180664 0 1535 ) (4096 0 1535 ) (4096 0 512 ) (5118.180664 0 512 ) 
4 5 11 (4096 0 512 ) (4096 0 1535 ) (4096 1024 1535 ) (4096 1024 512 ) 
4 5 8 (4096 256 512 ) (4096 512 512 ) (4112 512 512 ) (4112 256 512 ) 
4 5 7 (4112 1024 512 ) (4928 1024 512 ) (4928 0 512 ) (4112 0 512 ) 
4 5 6 (4944 1024 512 ) (5118.180664 1024 512 ) (5118.180664 0 512 ) (4944 0 512 ) 
4 6 23 (5118.180664 0 512 ) (4944 0 512 ) (4944 0 2.333310 ) (5118.180664 0 2.333310 ) 
4 6 9 (5118.180664 0 2.333310 ) (4944 0 2.333310 ) (4944 1024 2.333310 ) (5118.180664 1024 2.333310 ) 
4 7 24 (4928 0 512 ) (4112 0 512 ) (4112 0 2.333310 ) (4928 0 2.333310 ) 
4 7 9 (4928 0 2.333310 ) (4112 0 2.333310 ) (4112 1024 2.333310 ) (4928 1024 2.333310 ) 
4 7 8 (4112 512 2.333310 ) (4112 256 2.333310 ) (4112 256 512 ) (4112 512 512 ) 
4 8 11 (4096 256 512 ) (4096 512 512 ) (4096 512 2.333310 ) (4096 256 2.333310 ) 
4 8 9 (4096 256 2.333310 ) (4096 512 2.333310 ) (4112 512 2.333310 ) (4112 256 2.333310 ) 
4 9 26 (5118.180664 0 2.333310 ) (4096 0 2.333310 ) (4096 0 0 ) (5118.180664 0 0 ) 
4 9 11 (4096 0 0 ) (4096 0 2.333310 ) (4096 1024 2.333310 ) (4096 1024 0 ) 
4 10 13 (3072 1024 0 ) (3072 1024 1535 ) (3072 1281 1535 ) (3072 1281 0 ) 
4 10 12 (3072 1281 1535 ) (3072 1534.489990 1535 ) (3072 1534.489990 0 ) (3072 1281 0 ) 
4 10 11 (4096 1024 0 ) (4096 1024 1535 ) (3072 1024 1535 ) (3072 1024 0 ) 
4 11 32 (4096 0 0 ) (4096 0 1535 ) (3072 0 1535 ) (3072 0 0 ) 
4 11 18 (3072 0 0 ) (3072 0 512 ) (3072 1024 512 ) (3072 1024 0 ) 
4 11 17 (3072 0 512 ) (3072 0 1535 ) (3072 1024 1535 ) (3072 1024 512 ) 
4 12 16 (2048 1281 1535 ) (2048 1534.489990 1535 ) (2048 1534.489990 0 ) (2048 1281 0 ) 
4 12 14 (2816 1281 512 ) (2816 1281 1535 ) (2800 1281 1535 ) (2800 1281 512 ) 
4 12 13 (2816 1281 0 ) (3072 1281 0 ) (3072 1281 1535 ) (2816 1281 1535 ) 
4 12 15 (2048 1281 0 ) (2800 1281 0 ) (2800 1281 1535 ) (2048 1281 1535 ) 
4 13 18 (3072 1024 0 ) (3072 1024 512 ) (2816 1024 512 ) (2816 1024 0 ) 
4 13 17 (3072 1024 512 ) (3072 1024 1535 ) (2816 1024 1535 ) (2816 1024 512 ) 
4 13 14 (2816 1281 1535 ) (2816 1281 512 ) (2816 1024 512 ) (2816 1024 1535 ) 
4 14 17 (2816 1024 1535 ) (2800 1024 1535 ) (2800 1024 512 ) (2816 1024 512 ) 
4 14 15 (2800 1281 1535 ) (2800 1281 512 ) (2800 1024 512 ) (2800 1024 1535 ) 
4 15 20 (2048 1024 512 ) (2048 1024 0 ) (2800 1024 0 ) (2800 1024 512 ) 
4 15 17 (2800 1024 1535 ) (2048 1024 1535 ) (2048 1024 512 ) (2800 1024 512 ) 
4 15 16 (2048 1024 0 ) (2048 1024 1535 ) (2048 1281 1535 ) (2048 1281 0 ) 
4 16 46 (1024 1024 0 ) (1024 1024 1535 ) (1024 1408 1535 ) (1024 1408 0 ) 
4 16 45 (1024 1408 1535 ) (1024 1534.489990 1535 ) (1024 1534.489990 0 ) (1024 1408 0 ) 
4 16 21 (2048 1024 0 ) (2048 1024 1535 ) (1024 1024 1535 ) (1024 1024 0 ) 
4 17 33 (3072 0 512 ) (3072 0 1535 ) (2048 0 1535 ) (2048 0 512 ) 
4 17 21 (2048 1024 1535 ) (2048 1024 512 ) (2048 0 512 ) (2048 0 1535 ) 
4 17 19 (2800 256 512 ) (2800 513 512 ) (2816 513 512 ) (2816 256 512 ) 
4 17 18 (3072 0 512 ) (2816 0 512 ) (2816 1024 512 ) (3072 1024 512 ) 
4 17 20 (2800 0 512 ) (2048 0 512 ) (2048 1024 512 ) (2800 1024 512 ) 
4 18 34 (3072 0 0 ) (3072 0 512 ) (2816 0 512 ) (2816 0 0 ) 
4 18 19 (2816 513 0 ) (2816 256 0 ) (2816 256 512 ) (2816 513 512 ) 
4 19 20 (2800 513 0 ) (2800 256 0 ) (2800 256 512 ) (2800 513 512 ) 
4 20 35 (2800 0 512 ) (2048 0 512 ) (2048 0 0 ) (2800 0 0 ) 
4 20 21 (2048 1024 512 ) (2048 1024 0 ) (2048 0 0 ) (2048 0 512 ) 
4 21 50 (1024 784 512 ) (1024 1024 512 ) (1024 1024 0 ) (1024 784 0 ) 
4 21 49 (1024 0 512 ) (1024 0 1535 ) (1024 1024 1535 ) (1024 1024 512 ) 
4 21 39 (1536 0 1535 ) (1024 0 1535 ) (1024 0 0 ) (1536 0 0 ) 
4 21 38 (2048 0 0 ) (2048 0 1535 ) (1536 0 1535 ) (1536 0 0 ) 
4 22 32 (4096 0 1535 ) (4096 0 512 ) (4096 -1024 512 ) (4096 -1024 1535 ) 
4 22 27 (5118.180664 -1024 1535 ) (4096 -1024 1535 ) (4096 -1024 512 ) (5118.180664 -1024 512 ) 
4 22 25 (4112 -256 512 ) (4112 -512 512 ) (4096 -512 512 ) (4096 -256 512 ) 
4 22 24 (4112 0 512 ) (4928 0 512 ) (4928 -1024 512 ) (4112 -1024 512 ) 
4 22 23 (4944 0 512 ) (5118.180664 0 512 ) (5118.180664 -1024 512 ) (4944 -1024 512 ) 
4 23 28 (5118.180664 -1024 512 ) (4944 -1024 512 ) (4944 -1024 2.333310 ) (5118.180664 -1024 2.333310 ) 
4 23 26 (5118.180664 -1024 2.333310 ) (4944 -1024 2.333310 ) (4944 0 2.333310 ) (5118.180664 0 2.333310 ) 
4 24 29 (4928 -1024 512 ) (4112 -1024 512 ) (4112 -1024 2.333310 ) (4928 -1024 2.333310 ) 
4 24 26 (4928 -1024 2.333310 ) (4112 -1024 2.333310 ) (4112 0 2.333310 ) (4928 0 2.333310 ) 
4 24 25 (4112 -256 2.333310 ) (4112 -512 2.333310 ) (4112 -512 512 ) (4112 -256 512 ) 
4 25 32 (4096 -256 2.333310 ) (4096 -512 2.333310 ) (4096 -512 512 ) (4096 -256 512 ) 
4 25 26 (4096 -512 2.333310 ) (4096 -256 2.333310 ) (4112 -256 2.333310 ) (4112 -512 2.333310 ) 
4 26 32 (4096 0 2.333310 ) (4096 0 0 ) (4096 -1024 0 ) (4096 -1024 2.333310 ) 
4 26 30 (5118.180664 -1024 2.333310 ) (4096 -1024 2.333310 ) (4096 -1024 0 ) (5118.180664 -1024 0 ) 
4 27 42 (4096 -1408 1535 ) (4096 -1024 1535 ) (4096 -1024 512 ) (4096 -1408 512 ) 
4 27 31 (5118.180664 -1408 512 ) (5118.180664 -1408 1535 ) (4096 -1408 1535 ) (4096 -1408 512 ) 
4 27 28 (5118.180664 -1408 512 ) (4944 -1408 512 ) (4944 -1024 512 ) (5118.180664 -1024 512 ) 
4 27 29 (4928 -1408 512 ) (4112 -1408 512 ) (4112 -1024 512 ) (4928 -1024 512 ) 
4 28 31 (5118.180664 -1408 2.333310 ) (5118.180664 -1408 512 ) (4944 -1408 512 ) (4944 -1408 2.333310 ) 
4 28 30 (5118.180664 -1408 2.333310 ) (4944 -1408 2.333310 ) (4944 -1024 2.333310 ) (5118.180664 -1024 2.333310 ) 
4 29 31 (4928 -1408 512 ) (4112 -1408 512 ) (4112 -1408 2.333310 ) (4928 -1408 2.333310 ) 
4 29 30 (4928 -1408 2.333310 ) (4112 -1408 2.333310 ) (4112 -1024 2.333310 ) (4928 -1024 2.333310 ) 
4 30 42 (4096 -1024 2.333310 ) (4096 -1024 0 ) (4096 -1408 0 ) (4096 -1408 2.333310 ) 
4 30 31 (4096 -1408 0 ) (5118.180664 -1408 0 ) (5118.180664 -1408 2.333310 ) (4096 -1408 2.333310 ) 
4 31 42 (4096 -1534.489990 1535 ) (4096 -1408 1535 ) (4096 -1408 0 ) (4096 -1534.489990 0 ) 
4 32 42 (4096 -1024 0 ) (4096 -1024 1535 ) (3072 -1024 1535 ) (3072 -1024 0 ) 
4 32 36 (3072 -512 0 ) (3072 -1024 0 ) (3072 -1024 512 ) (3072 -512 512 ) 
4 32 34 (3072 0 512 ) (3072 0 0 ) (3072 -512 0 ) (3072 -512 512 ) 
4 32 33 (3072 0 1535 ) (3072 0 512 ) (3072 -1024 512 ) (3072 -1024 1535 ) 
4 33 43 (3072 -1024 512 ) (3072 -1024 1535 ) (2048 -1024 1535 ) (2048 -1024 512 ) 
4 33 38 (2048 -1024 512 ) (2048 -1024 1535 ) (2048 0 1535 ) (2048 0 512 ) 
4 33 37 (2048 -1024 512 ) (2048 -528 512 ) (2816 -528 512 ) (2816 -1024 512 ) 
4 33 36 (2816 -512 512 ) (3072 -512 512 ) (3072 -1024 512 ) (2816 -1024 512 ) 
4 33 34 (2816 0 512 ) (3072 0 512 ) (3072 -512 512 ) (2816 -512 512 ) 
4 33 35 (2048 -512 512 ) (2048 0 512 ) (2800 0 512 ) (2800 -512 512 ) 
4 34 36 (2816 -512 0 ) (3072 -512 0 ) (3072 -512 512 ) (2816 -512 512 ) 
4 35 38 (2048 -512 512 ) (2048 0 512 ) (2048 0 0 ) (2048 -512 0 ) 
4 36 43 (3072 -1024 0 ) (3072 -1024 512 ) (2816 -1024 512 ) (2816 -1024 0 ) 
4 36 37 (2816 -528 0 ) (2816 -1024 0 ) (2816 -1024 512 ) (2816 -528 512 ) 
4 37 43 (2816 -1024 512 ) (2048 -1024 512 ) (2048 -1024 0 ) (2816 -1024 0 ) 
4 37 38 (2048 -1024 0 ) (2048 -1024 512 ) (2048 -528 512 ) (2048 -528 0 ) 
4 38 44 (2048 -1024 0 ) (2048 -1024 1535 ) (1536 -1024 1535 ) (1536 -1024 0 ) 
4 38 40 (1536 -528 512 ) (1536 -528 1535 ) (1536 -512 1535 ) (1536 -512 512 ) 
4 38 39 (1536 0 0 ) (1536 -512 0 ) (1536 -512 1535 ) (1536 0 1535 ) 
4 38 41 (1536 -528 0 ) (1536 -1024 0 ) (1536 -1024 1535 ) (1536 -528 1535 ) 
4 39 75 (1024 -512 1535 ) (1024 0 1535 ) (1024 0 512 ) (1024 -512 512 ) 
4 39 40 (1536 -512 512 ) (1536 -512 1535 ) (1024 -512 1535 ) (1024 -512 512 ) 
4 40 75 (1024 -528 1535 ) (1024 -512 1535 ) (1024 -512 512 ) (1024 -528 512 ) 
4 40 41 (1536 -528 512 ) (1536 -528 1535 ) (1024 -528 1535 ) (1024 -528 512 ) 
4 41 76 (1024 -1024 0 ) (1024 -1024 512 ) (1024 -528 512 ) (1024 -528 0 ) 
4 41 75 (1024 -1024 512 ) (1024 -1024 1535 ) (1024 -528 1535 ) (1024 -528 512 ) 
4 41 44 (1536 -1024 1535 ) (1024 -1024 1535 ) (1024 -1024 0 ) (1536 -1024 0 ) 
4 42 43 (3072 -1024 1535 ) (3072 -1024 0 ) (3072 -1534.489990 0 ) (3072 -1534.489990 1535 ) 
4 43 44 (2048 -1024 1535 ) (2048 -1024 0 ) (2048 -1534.489990 0 ) (2048 -1534.489990 1535 ) 
4 44 91 (1024 -1534.489990 1535 ) (1024 -1408 1535 ) (1024 -1408 0 ) (1024 -1534.489990 0 ) 
4 44 88 (1024 -1408 1535 ) (1024 -1024 1535 ) (1024 -1024 0 ) (1024 -1408 0 ) 
4 45 57 (0 1534.489990 512 ) (0 1534.489990 0 ) (0 1408 0 ) (0 1408 512 ) 
4 45 54 (0 1408 1535 ) (0 1534.489990 1535 ) (0 1534.489990 512 ) (0 1408 512 ) 
4 45 47 (784 1408 512 ) (784 1408 1535 ) (768 1408 1535 ) (768 1408 512 ) 
4 45 46 (784 1408 0 ) (1024 1408 0 ) (1024 1408 1535 ) (784 1408 1535 ) 
4 45 48 (0 1408 0 ) (768 1408 0 ) (768 1408 1535 ) (0 1408 1535 ) 
4 46 50 (1024 1024 0 ) (1024 1024 512 ) (784 1024 512 ) (784 1024 0 ) 
4 46 49 (1024 1024 512 ) (1024 1024 1535 ) (784 1024 1535 ) (784 1024 512 ) 
4 46 47 (784 1408 1535 ) (784 1408 512 ) (784 1024 512 ) (784 1024 1535 ) 
4 47 49 (784 1024 1535 ) (768 1024 1535 ) (768 1024 512 ) (784 1024 512 ) 
4 47 48 (768 1408 1535 ) (768 1408 512 ) (768 1024 512 ) (768 1024 1535 ) 
4 48 58 (0 1024 0 ) (0 1024 512 ) (0 1280 512 ) (0 1280 0 ) 
4 48 57 (0 1280 512 ) (0 1408 512 ) (0 1408 0 ) (0 1280 0 ) 
4 48 55 (0 1024 512 ) (0 1024 1535 ) (0 1280 1535 ) (0 1280 512 ) 
4 48 54 (0 1280 1535 ) (0 1408 1535 ) (0 1408 512 ) (0 1280 512 ) 
4 48 51 (0 1024 512 ) (0 1024 0 ) (768 1024 0 ) (768 1024 512 ) 
4 48 49 (768 1024 1535 ) (0 1024 1535 ) (0 1024 512 ) (768 1024 512 ) 
4 49 75 (1024 0 512 ) (1024 0 1535 ) (0 0 1535 ) (0 0 512 ) 
4 49 65 (0 0 512 ) (0 0 544 ) (0 1024 544 ) (0 1024 512 ) 
4 49 64 (0 0 544 ) (0 0 1535 ) (0 1024 1535 ) (0 1024 544 ) 
4 49 52 (1008 0 512 ) (784 0 512 ) (784 768 512 ) (1008 768 512 ) 
4 49 53 (768 0 512 ) (0 0 512 ) (0 768 512 ) (768 768 512 ) 
4 49 50 (1024 1024 512 ) (1024 784 512 ) (768 784 512 ) (768 1024 512 ) 
4 49 51 (768 768 512 ) (0 768 512 ) (0 1024 512 ) (768 1024 512 ) 
4 50 51 (768 1024 0 ) (768 784 0 ) (768 784 512 ) (768 1024 512 ) 
4 51 66 (0 768 512 ) (0 1024 512 ) (0 1024 0 ) (0 768 0 ) 
4 51 53 (0 768 0 ) (768 768 0 ) (768 768 512 ) (0 768 512 ) 
4 52 77 (1008 0 512 ) (784 0 512 ) (784 0 0 ) (1008 0 0 ) 
4 53 79 (768 0 512 ) (0 0 512 ) (0 0 0 ) (768 0 0 ) 
4 53 66 (0 0 0 ) (0 0 512 ) (0 768 512 ) (0 768 0 ) 
4 54 61 (-1024 1280 1535 ) (-1024 1534.489990 1535 ) (-1024 1534.489990 512 ) (-1024 1280 512 ) 
4 54 57 (-1024 1280 512 ) (-1024 1534.489990 512 ) (0 1534.489990 512 ) (0 1280 512 ) 
4 54 56 (-768 1280 544 ) (-768 1280 1535 ) (-1024 1280 1535 ) (-1024 1280 544 ) 
4 54 55 (-768 1280 512 ) (0 1280 512 ) (0 1280 1535 ) (-768 1280 1535 ) 
4 55 65 (0 1024 512 ) (0 1024 544 ) (-768 1024 544 ) (-768 1024 512 ) 
4 55 64 (0 1024 544 ) (0 1024 1535 ) (-768 1024 1535 ) (-768 1024 544 ) 
4 55 58 (-768 1280 512 ) (0 1280 512 ) (0 1024 512 ) (-768 1024 512 ) 
4 55 56 (-768 1280 1535 ) (-768 1280 544 ) (-768 1024 544 ) (-768 1024 1535 ) 
4 56 64 (-768 1024 1535 ) (-1024 1024 1535 ) (-1024 1024 544 ) (-768 1024 544 ) 
4 56 62 (-1024 1024 544 ) (-1024 1024 1535 ) (-1024 1280 1535 ) (-1024 1280 544 ) 
4 57 61 (-1024 1280 512 ) (-1024 1534.489990 512 ) (-1024 1534.489990 0 ) (-1024 1280 0 ) 
4 57 58 (-768 1280 0 ) (0 1280 0 ) (0 1280 512 ) (-768 1280 512 ) 
4 58 66 (0 1024 0 ) (0 1024 512 ) (-768 1024 512 ) (-768 1024 0 ) 
4 59 60 (-784 1264 0 ) (-784 1024 0 ) (-784 1024 512 ) (-784 1264 512 ) 
4 60 69 (-1008 1024 512 ) (-1024 1024 512 ) (-1024 1024 0 ) (-1008 1024 0 ) 
4 60 68 (-784 1024 512 ) (-1008 1024 512 ) (-1008 1024 0 ) (-784 1024 0 ) 
4 60 63 (-1024 1024 0 ) (-1024 1024 512 ) (-1024 1264 512 ) (-1024 1264 0 ) 
4 61 97 (-2048 1280 1535 ) (-2048 1534.489990 1535 ) (-2048 1534.489990 0 ) (-2048 1280 0 ) 
4 61 62 (-1024 1280 544 ) (-1024 1280 1535 ) (-2048 1280 1535 ) (-2048 1280 544 ) 
4 62 98 (-2048 1024 544 ) (-2048 1024 1535 ) (-2048 1280 1535 ) (-2048 1280 544 ) 
4 62 70 (-2048 1024 1535 ) (-2048 1024 544 ) (-1024 1024 544 ) (-1024 1024 1535 ) 
4 63 99 (-2048 1024 0 ) (-2048 1024 512 ) (-2048 1264 512 ) (-2048 1264 0 ) 
4 63 72 (-1536 1024 0 ) (-1024 1024 0 ) (-1024 1024 512 ) (-1536 1024 512 ) 
4 63 74 (-2048 1024 512 ) (-2048 1024 0 ) (-1536 1024 0 ) (-1536 1024 512 ) 
4 64 80 (0 0 544 ) (0 0 1535 ) (-1024 0 1535 ) (-1024 0 544 ) 
4 64 70 (-1024 1024 1535 ) (-1024 1024 544 ) (-1024 0 544 ) (-1024 0 1535 ) 
4 64 65 (0 0 544 ) (-768 0 544 ) (-768 1024 544 ) (0 1024 544 ) 
4 65 81 (0 0 512 ) (0 0 544 ) (-768 0 544 ) (-768 0 512 ) 
4 65 66 (-768 1024 512 ) (0 1024 512 ) (0 0 512 ) (-768 0 512 ) 
4 66 83 (0 0 0 ) (0 0 512 ) (-768 0 512 ) (-768 0 0 ) 
4 66 67 (-768 256 0 ) (-768 0 0 ) (-768 0 512 ) (-768 256 512 ) 
4 67 68 (-783.875000 256 0 ) (-783.875000 0 0 ) (-783.875000 0 512 ) (-783.875000 256 512 ) 
4 68 84 (-783.875000 0 512 ) (-1008 0 512 ) (-1008 0 0 ) (-783.875000 0 0 ) 
4 68 69 (-1008 1024 0 ) (-1008 512 0 ) (-1008 512 512 ) (-1008 1024 512 ) 
4 69 72 (-1024 1024 512 ) (-1024 1024 0 ) (-1024 512 0 ) (-1024 512 512 ) 
4 70 103 (-2048 0 544 ) (-2048 0 1535 ) (-2048 1024 1535 ) (-2048 1024 544 ) 
4 70 87 (-1024 0 544 ) (-1024 0 1535 ) (-2048 0 1535 ) (-2048 0 544 ) 
4 70 71 (-1024 0 544 ) (-2048 0 544 ) (-2048 496 544 ) (-1024 496 544 ) 
4 71 104 (-2048 0 512 ) (-2048 0 544 ) (-2048 496 544 ) (-2048 496 512 ) 
4 71 87 (-1024 0 512 ) (-1024 0 544 ) (-2048 0 544 ) (-2048 0 512 ) 
4 71 73 (-1536 496 512 ) (-1024 496 512 ) (-1024 0 512 ) (-1536 0 512 ) 
4 71 74 (-2048 0 512 ) (-2048 496 512 ) (-1536 496 512 ) (-1536 0 512 ) 
4 72 74 (-1536 1024 0 ) (-1536 512 0 ) (-1536 512 512 ) (-1536 1024 512 ) 
4 73 87 (-1024 0 0 ) (-1024 0 512 ) (-1536 0 512 ) (-1536 0 0 ) 
4 73 74 (-1536 496 0 ) (-1536 0 0 ) (-1536 0 512 ) (-1536 496 512 ) 
4 74 105 (-2048 512 512 ) (-2048 1024 512 ) (-2048 1024 0 ) (-2048 512 0 ) 
4 74 106 (-2048 0 0 ) (-2048 0 512 ) (-2048 496 512 ) (-2048 496 0 ) 
4 74 87 (-1536 0 512 ) (-2048 0 512 ) (-2048 0 0 ) (-1536 0 0 ) 
4 75 89 (784 -1024 1535 ) (768 -1024 1535 ) (768 -1024 512 ) (784 -1024 512 ) 
4 75 88 (1024 -1024 512 ) (1024 -1024 1535 ) (784 -1024 1535 ) (784 -1024 512 ) 
4 75 90 (768 -1024 1535 ) (0 -1024 1535 ) (0 -1024 512 ) (768 -1024 512 ) 
4 75 81 (0 -1024 512 ) (0 -1024 544 ) (0 0 544 ) (0 0 512 ) 
4 75 80 (0 -1024 544 ) (0 -1024 1535 ) (0 0 1535 ) (0 0 544 ) 
4 75 78 (768 0 512 ) (784 0 512 ) (784 -256 512 ) (768 -256 512 ) 
4 75 77 (784 0 512 ) (1008 0 512 ) (1008 -1024 512 ) (784 -1024 512 ) 
4 75 79 (0 -1024 512 ) (0 0 512 ) (768 0 512 ) (768 -1024 512 ) 
4 75 76 (1024 -528 512 ) (1024 -1024 512 ) (1008 -1024 512 ) (1008 -528 512 ) 
4 76 88 (1024 -1024 0 ) (1024 -1024 512 ) (1008 -1024 512 ) (1008 -1024 0 ) 
4 76 77 (1008 -528 0 ) (1008 -1024 0 ) (1008 -1024 512 ) (1008 -528 512 ) 
4 77 88 (1008 -1024 512 ) (784 -1024 512 ) (784 -1024 0 ) (1008 -1024 0 ) 
4 77 78 (784 0 0 ) (784 -256 0 ) (784 -256 512 ) (784 0 512 ) 
4 78 79 (768 0 0 ) (768 -256 0 ) (768 -256 512 ) (768 0 512 ) 
4 79 90 (768 -1024 512 ) (0 -1024 512 ) (0 -1024 0 ) (768 -1024 0 ) 
4 79 85 (0 -1024 0 ) (0 -1024 512 ) (0 -768 512 ) (0 -768 0 ) 
4 79 83 (0 -768 512 ) (0 0 512 ) (0 0 0 ) (0 -768 0 ) 
4 80 93 (-768 -1024 1535 ) (-780 -1024 1535 ) (-780 -1024 544 ) (-768 -1024 544 ) 
4 80 92 (0 -1024 544 ) (0 -1024 1535 ) (-768 -1024 1535 ) (-768 -1024 544 ) 
4 80 94 (-780 -1024 1535 ) (-1024 -1024 1535 ) (-1024 -1024 544 ) (-780 -1024 544 ) 
4 80 87 (-1024 0 1535 ) (-1024 0 544 ) (-1024 -1024 544 ) (-1024 -1024 1535 ) 
4 80 82 (-1024 -1024 544 ) (-1024 -784 544 ) (-768 -784 544 ) (-768 -1024 544 ) 
4 80 81 (-768 0 544 ) (0 0 544 ) (0 -1024 544 ) (-768 -1024 544 ) 
4 81 92 (0 -1024 512 ) (0 -1024 544 ) (-768 -1024 544 ) (-768 -1024 512 ) 
4 81 85 (0 -1024 512 ) (-768 -1024 512 ) (-768 -768 512 ) (0 -768 512 ) 
4 81 83 (-768 -768 512 ) (-768 0 512 ) (0 0 512 ) (0 -768 512 ) 
4 81 82 (-768 -784 512 ) (-768 -1024 512 ) (-768 -1024 544 ) (-768 -784 544 ) 
4 82 93 (-768 -1024 544 ) (-780 -1024 544 ) (-780 -1024 512 ) (-768 -1024 512 ) 
4 82 94 (-780 -1024 544 ) (-1024 -1024 544 ) (-1024 -1024 512 ) (-780 -1024 512 ) 
4 82 87 (-1024 -784 512 ) (-1024 -1024 512 ) (-1024 -1024 544 ) (-1024 -784 544 ) 
4 82 86 (-768 -1024 512 ) (-1024 -1024 512 ) (-1024 -784 512 ) (-768 -784 512 ) 
4 83 85 (-768 -768 0 ) (0 -768 0 ) (0 -768 512 ) (-768 -768 512 ) 
4 85 92 (0 -1024 0 ) (0 -1024 512 ) (-768 -1024 512 ) (-768 -1024 0 ) 
4 85 86 (-768 -784 0 ) (-768 -1024 0 ) (-768 -1024 512 ) (-768 -784 512 ) 
4 86 94 (-780 -1024 512 ) (-1024 -1024 512 ) (-1024 -1024 0 ) (-780 -1024 0 ) 
4 86 87 (-1024 -784 0 ) (-1024 -1024 0 ) (-1024 -1024 512 ) (-1024 -784 512 ) 
4 87 126 (-2048 -1024 0 ) (-2048 -1024 512 ) (-2048 0 512 ) (-2048 0 0 ) 
4 87 125 (-2048 -1024 512 ) (-2048 -1024 544 ) (-2048 0 544 ) (-2048 0 512 ) 
4 87 124 (-2048 -1024 544 ) (-2048 -1024 1535 ) (-2048 0 1535 ) (-2048 0 544 ) 
4 87 96 (-2048 -1024 1535 ) (-2048 -1024 0 ) (-1024 -1024 0 ) (-1024 -1024 1535 ) 
4 88 91 (784 -1408 0 ) (1024 -1408 0 ) (1024 -1408 1535 ) (784 -1408 1535 ) 
4 88 89 (784 -1408 512 ) (784 -1408 1535 ) (784 -1024 1535 ) (784 -1024 512 ) 
4 89 91 (784 -1408 512 ) (784 -1408 1535 ) (768 -1408 1535 ) (768 -1408 512 ) 
4 89 90 (768 -1408 512 ) (768 -1408 1535 ) (768 -1024 1535 ) (768 -1024 512 ) 
4 90 92 (0 -1024 1535 ) (0 -1024 0 ) (0 -1408 0 ) (0 -1408 1535 ) 
4 90 91 (0 -1408 0 ) (768 -1408 0 ) (768 -1408 1535 ) (0 -1408 1535 ) 
4 91 95 (0 -1408 0 ) (0 -1534.489990 0 ) (0 -1534.489990 1535 ) (0 -1408 1535 ) 
4 92 95 (-768 -1408 0 ) (0 -1408 0 ) (0 -1408 1535 ) (-768 -1408 1535 ) 
4 92 93 (-768 -1408 512 ) (-768 -1408 1535 ) (-768 -1024 1535 ) (-768 -1024 512 ) 
4 93 95 (-768 -1408 512 ) (-768 -1408 1535 ) (-780 -1408 1535 ) (-780 -1408 512 ) 
4 93 94 (-780 -1408 512 ) (-780 -1408 1535 ) (-780 -1024 1535 ) (-780 -1024 512 ) 
4 94 96 (-1024 -1024 1535 ) (-1024 -1024 0 ) (-1024 -1408 0 ) (-1024 -1408 1535 ) 
4 94 95 (-1024 -1408 0 ) (-780 -1408 0 ) (-780 -1408 1535 ) (-1024 -1408 1535 ) 
4 95 96 (-1024 -1408 0 ) (-1024 -1534.489990 0 ) (-1024 -1534.489990 1535 ) (-1024 -1408 1535 ) 
4 96 136 (-2048 -1280 0 ) (-2048 -1534.489990 0 ) (-2048 -1534.489990 512 ) (-2048 -1280 512 ) 
4 96 134 (-2048 -1024 512 ) (-2048 -1024 0 ) (-2048 -1280 0 ) (-2048 -1280 512 ) 
4 96 133 (-2048 -1534.489990 1535 ) (-2048 -1280 1535 ) (-2048 -1280 512 ) (-2048 -1534.489990 512 ) 
4 96 131 (-2048 -1280 1535 ) (-2048 -1024 1535 ) (-2048 -1024 512 ) (-2048 -1280 512 ) 
4 97 100 (-3072 1534.489990 0 ) (-3072 1280 0 ) (-3072 1280 1535 ) (-3072 1534.489990 1535 ) 
4 97 98 (-3072 1280 1535 ) (-3072 1280 544 ) (-2048 1280 544 ) (-2048 1280 1535 ) 
4 98 103 (-2048 1024 544 ) (-2048 1024 1535 ) (-3072 1024 1535 ) (-3072 1024 544 ) 
4 98 101 (-3072 1024 544 ) (-3072 1024 1535 ) (-3072 1280 1535 ) (-3072 1280 544 ) 
4 99 107 (-2800 1024 512 ) (-2816 1024 512 ) (-2816 1024 0 ) (-2800 1024 0 ) 
4 99 108 (-2816 1024 512 ) (-3072 1024 512 ) (-3072 1024 0 ) (-2816 1024 0 ) 
4 99 105 (-2048 1024 0 ) (-2048 1024 512 ) (-2800 1024 512 ) (-2800 1024 0 ) 
4 99 102 (-3072 1264 0 ) (-3072 1024 0 ) (-3072 1024 512 ) (-3072 1264 512 ) 
4 100 114 (-4096 1534.489990 512 ) (-4096 1534.489990 0 ) (-4096 1280 0 ) (-4096 1280 512 ) 
4 100 111 (-4096 1280 1535 ) (-4096 1534.489990 1535 ) (-4096 1534.489990 512 ) (-4096 1280 512 ) 
4 100 101 (-3072 1280 544 ) (-3072 1280 1535 ) (-4096 1280 1535 ) (-4096 1280 544 ) 
4 101 112 (-4096 1024 544 ) (-4096 1024 1535 ) (-4096 1280 1535 ) (-4096 1280 544 ) 
4 101 109 (-4096 1024 1535 ) (-4096 1024 544 ) (-3072 1024 544 ) (-3072 1024 1535 ) 
4 102 110 (-4096 1024 512 ) (-4096 1024 0 ) (-3072 1024 0 ) (-3072 1024 512 ) 
4 103 124 (-2048 0 544 ) (-2048 0 1535 ) (-3072 0 1535 ) (-3072 0 544 ) 
4 103 109 (-3072 1024 1535 ) (-3072 1024 544 ) (-3072 0 544 ) (-3072 0 1535 ) 
4 103 104 (-2048 0 544 ) (-2800 0 544 ) (-2800 496 544 ) (-2048 496 544 ) 
4 104 125 (-2048 0 512 ) (-2048 0 544 ) (-2800 0 544 ) (-2800 0 512 ) 
4 104 106 (-2048 496 512 ) (-2048 0 512 ) (-2800 0 512 ) (-2800 496 512 ) 
4 105 107 (-2800 1024 0 ) (-2800 512 0 ) (-2800 512 512 ) (-2800 1024 512 ) 
4 106 126 (-2048 0 0 ) (-2048 0 512 ) (-2800 0 512 ) (-2800 0 0 ) 
4 107 108 (-2816 1024 0 ) (-2816 512 0 ) (-2816 512 512 ) (-2816 1024 512 ) 
4 108 128 (-2816 0 512 ) (-3072 0 512 ) (-3072 0 0 ) (-2816 0 0 ) 
4 108 110 (-3072 1024 512 ) (-3072 1024 0 ) (-3072 0 0 ) (-3072 0 512 ) 
4 109 129 (-3072 0 544 ) (-3072 0 1535 ) (-4096 0 1535 ) (-4096 0 544 ) 
4 109 118 (-4096 0 544 ) (-4096 0 1535 ) (-4096 1024 1535 ) (-4096 1024 544 ) 
4 110 130 (-3072 0 0 ) (-3072 0 512 ) (-4096 0 512 ) (-4096 0 0 ) 
4 110 120 (-4096 256 512 ) (-4096 512 512 ) (-4096 512 0 ) (-4096 256 0 ) 
4 111 114 (-5118.180664 1280 512 ) (-5118.180664 1534.489990 512 ) (-4096 1534.489990 512 ) (-4096 1280 512 ) 
4 111 112 (-4096 1280 544 ) (-4096 1280 1535 ) (-4944 1280 1535 ) (-4944 1280 544 ) 
4 111 113 (-5118.180664 1280 1535 ) (-5118.180664 1280 512 ) (-4944 1280 512 ) (-4944 1280 1535 ) 
4 112 118 (-4096 1024 544 ) (-4096 1024 1535 ) (-4944 1024 1535 ) (-4944 1024 544 ) 
4 112 113 (-4944 1280 1535 ) (-4944 1280 544 ) (-4944 1024 544 ) (-4944 1024 1535 ) 
4 113 119 (-4944 1024 1535 ) (-5118.180664 1024 1535 ) (-5118.180664 1024 512 ) (-4944 1024 512 ) 
4 113 117 (-4944 1024 512 ) (-5118.180664 1024 512 ) (-5118.180664 1280 512 ) (-4944 1280 512 ) 
4 114 116 (-4944 1280 0 ) (-4928 1280 0 ) (-4928 1280 2.333310 ) (-4944 1280 2.333310 ) 
4 114 117 (-5118.180664 1280 512 ) (-5118.180664 1280 0 ) (-4944 1280 0 ) (-4944 1280 512 ) 
4 115 121 (-4112 1024 512 ) (-4928 1024 512 ) (-4928 1024 0 ) (-4112 1024 0 ) 
4 115 116 (-4928 1264 0 ) (-4928 1024 0 ) (-4928 1024 2.333310 ) (-4928 1264 2.333310 ) 
4 116 122 (-4944 1024 2.333310 ) (-4944 1024 0 ) (-4928 1024 0 ) (-4928 1024 2.333310 ) 
4 116 117 (-4944 1280 2.333310 ) (-4944 1280 0 ) (-4944 1024 0 ) (-4944 1024 2.333310 ) 
4 117 123 (-4944 1024 512 ) (-5118.180664 1024 512 ) (-5118.180664 1024 0 ) (-4944 1024 0 ) 
4 118 140 (-4096 0 544 ) (-4096 0 1535 ) (-4944 0 1535 ) (-4944 0 544 ) 
4 118 119 (-4944 0 544 ) (-4944 0 1535 ) (-4944 1024 1535 ) (-4944 1024 544 ) 
4 119 141 (-4944 0 1535 ) (-5118.180664 0 1535 ) (-5118.180664 0 512 ) (-4944 0 512 ) 
4 119 123 (-5118.180664 1024 512 ) (-4944 1024 512 ) (-4944 0 512 ) (-5118.180664 0 512 ) 
4 120 121 (-4112 512 0 ) (-4112 256 0 ) (-4112 256 512 ) (-4112 512 512 ) 
4 121 143 (-4112 0 512 ) (-4928 0 512 ) (-4928 0 0 ) (-4112 0 0 ) 
4 121 122 (-4928 1024 0 ) (-4928 0 0 ) (-4928 0 2.333310 ) (-4928 1024 2.333310 ) 
4 122 144 (-4944 0 2.333310 ) (-4944 0 0 ) (-4928 0 0 ) (-4928 0 2.333310 ) 
4 122 123 (-4944 1024 0 ) (-4944 0 0 ) (-4944 0 2.333310 ) (-4944 1024 2.333310 ) 
4 123 145 (-4944 0 512 ) (-5118.180664 0 512 ) (-5118.180664 0 0 ) (-4944 0 0 ) 
4 124 132 (-2800 -1024 1535 ) (-3072 -1024 1535 ) (-3072 -1024 544 ) (-2800 -1024 544 ) 
4 124 131 (-2048 -1024 544 ) (-2048 -1024 1535 ) (-2800 -1024 1535 ) (-2800 -1024 544 ) 
4 124 129 (-3072 0 1535 ) (-3072 0 544 ) (-3072 -1024 544 ) (-3072 -1024 1535 ) 
4 124 125 (-2800 0 544 ) (-2048 0 544 ) (-2048 -1024 544 ) (-2800 -1024 544 ) 
4 125 131 (-2048 -1024 512 ) (-2048 -1024 544 ) (-2800 -1024 544 ) (-2800 -1024 512 ) 
4 125 126 (-2048 -1024 512 ) (-2800 -1024 512 ) (-2800 0 512 ) (-2048 0 512 ) 
4 126 134 (-2048 -1024 0 ) (-2048 -1024 512 ) (-2800 -1024 512 ) (-2800 -1024 0 ) 
4 126 127 (-2800 -256 0 ) (-2800 -512 0 ) (-2800 -512 512 ) (-2800 -256 512 ) 
4 127 128 (-2816 -256 0 ) (-2816 -512 0 ) (-2816 -512 512 ) (-2816 -256 512 ) 
4 128 135 (-2816 -1024 512 ) (-3072 -1024 512 ) (-3072 -1024 0 ) (-2816 -1024 0 ) 
4 128 130 (-3072 0 512 ) (-3072 0 0 ) (-3072 -1024 0 ) (-3072 -1024 512 ) 
4 129 140 (-4096 0 1535 ) (-4096 0 544 ) (-4096 -1024 544 ) (-4096 -1024 1535 ) 
4 129 137 (-3072 -1024 544 ) (-3072 -1024 1535 ) (-4096 -1024 1535 ) (-4096 -1024 544 ) 
4 130 142 (-4096 -256 0 ) (-4096 -512 0 ) (-4096 -512 512 ) (-4096 -256 512 ) 
4 130 138 (-3072 -1024 0 ) (-3072 -1024 512 ) (-4096 -1024 512 ) (-4096 -1024 0 ) 
4 131 134 (-2800 -1024 512 ) (-2048 -1024 512 ) (-2048 -1280 512 ) (-2800 -1280 512 ) 
4 131 133 (-2800 -1280 512 ) (-2048 -1280 512 ) (-2048 -1280 1535 ) (-2800 -1280 1535 ) 
4 131 132 (-2800 -1280 544 ) (-2800 -1280 1535 ) (-2800 -1024 1535 ) (-2800 -1024 544 ) 
4 132 137 (-3072 -1280 1535 ) (-3072 -1024 1535 ) (-3072 -1024 544 ) (-3072 -1280 544 ) 
4 132 133 (-2800 -1280 544 ) (-2800 -1280 1535 ) (-3072 -1280 1535 ) (-3072 -1280 544 ) 
4 133 139 (-3072 -1534.489990 1535 ) (-3072 -1280 1535 ) (-3072 -1280 512 ) (-3072 -1534.489990 512 ) 
4 133 136 (-3072 -1534.489990 512 ) (-3072 -1280 512 ) (-2048 -1280 512 ) (-2048 -1534.489990 512 ) 
4 134 136 (-2800 -1280 0 ) (-2048 -1280 0 ) (-2048 -1280 512 ) (-2800 -1280 512 ) 
4 135 138 (-3072 -1264 512 ) (-3072 -1024 512 ) (-3072 -1024 0 ) (-3072 -1264 0 ) 
4 136 139 (-3072 -1534.489990 512 ) (-3072 -1280 512 ) (-3072 -1280 0 ) (-3072 -1534.489990 0 ) 
4 137 146 (-4096 -1280 1535 ) (-4096 -1024 1535 ) (-4096 -1024 544 ) (-4096 -1280 544 ) 
4 137 139 (-3072 -1280 544 ) (-3072 -1280 1535 ) (-4096 -1280 1535 ) (-4096 -1280 544 ) 
4 139 152 (-4096 -1280 512 ) (-4096 -1280 0 ) (-4096 -1534.489990 0 ) (-4096 -1534.489990 512 ) 
4 139 148 (-4096 -1534.489990 1535 ) (-4096 -1280 1535 ) (-4096 -1280 512 ) (-4096 -1534.489990 512 ) 
4 140 146 (-4096 -1024 544 ) (-4096 -1024 1535 ) (-4944 -1024 1535 ) (-4944 -1024 544 ) 
4 140 141 (-4944 -1024 544 ) (-4944 -1024 1535 ) (-4944 0 1535 ) (-4944 0 544 ) 
4 141 147 (-4944 -1024 1535 ) (-5118.180664 -1024 1535 ) (-5118.180664 -1024 512 ) (-4944 -1024 512 ) 
4 141 145 (-5118.180664 0 512 ) (-4944 0 512 ) (-4944 -1024 512 ) (-5118.180664 -1024 512 ) 
4 142 143 (-4112 -256 0 ) (-4112 -512 0 ) (-4112 -512 512 ) (-4112 -256 512 ) 
4 143 149 (-4112 -1024 512 ) (-4928 -1024 512 ) (-4928 -1024 0 ) (-4112 -1024 0 ) 
4 143 144 (-4928 0 0 ) (-4928 -1024 0 ) (-4928 -1024 2.333310 ) (-4928 0 2.333310 ) 
4 144 150 (-4944 -1024 2.333310 ) (-4944 -1024 0 ) (-4928 -1024 0 ) (-4928 -1024 2.333310 ) 
4 144 145 (-4944 0 0 ) (-4944 -1024 0 ) (-4944 -1024 2.333310 ) (-4944 0 2.333310 ) 
4 145 151 (-4944 -1024 512 ) (-5118.180664 -1024 512 ) (-5118.180664 -1024 0 ) (-4944 -1024 0 ) 
4 146 148 (-4096 -1280 544 ) (-4096 -1280 1535 ) (-4944 -1280 1535 ) (-4944 -1280 544 ) 
4 146 147 (-4944 -1280 544 ) (-4944 -1280 1535 ) (-4944 -1024 1535 ) (-4944 -1024 544 ) 
4 147 151 (-5118.180664 -1280 512 ) (-5118.180664 -1024 512 ) (-4944 -1024 512 ) (-4944 -1280 512 ) 
4 147 148 (-5118.180664 -1280 1535 ) (-5118.180664 -1280 512 ) (-4944 -1280 512 ) (-4944 -1280 1535 ) 
4 148 152 (-5118.180664 -1534.489990 512 ) (-5118.180664 -1280 512 ) (-4096 -1280 512 ) (-4096 -1534.489990 512 ) 
4 149 150 (-4928 -1024 0 ) (-4928 -1264 0 ) (-4928 -1264 2.333310 ) (-4928 -1024 2.333310 ) 
4 150 152 (-4944 -1280 0 ) (-4928 -1280 0 ) (-4928 -1280 2.333310 ) (-4944 -1280 2.333310 ) 
4 150 151 (-4944 -1024 0 ) (-4944 -1280 0 ) (-4944 -1280 2.333310 ) (-4944 -1024 2.333310 ) 
4 151 152 (-5118.180664 -1280 512 ) (-5118.180664 -1280 0 ) (-4944 -1280 0 ) (-4944 -1280 512 ) 
