


materialPath: D:\Steam\steamapps\common\Team Fortress 2\tf\materials
Loading D:\GitHub\cp_wien\cp_wien.vmf
Patching WVT material: maps/cp_wien/dev/dev_blendmeasure_wvt_patch
fixing up env_cubemap materials on brush sides...
0...1...2...3...4...5...6...7...8...9...100...1...2...3...4...5...6...7...8...9...10Processing areas...done (0)
Building Faces...done (0)
FixTjuncs...
PruneNodes...
WriteBSP...
done (0)
writing D:\GitHub\cp_wien\cp_wien.prt...Building visibility clusters...
done (1)
Creating default LDR cubemaps for env_cubemap using skybox materials:
   skybox/sky_day01_01*.vmt
 ! Run buildcubemaps in the engine to get the correct cube maps.
Creating default HDR cubemaps for env_cubemap using skybox materials:
   skybox/sky_day01_01*.vmt
 ! Run buildcubemaps in the engine to get the correct cube maps.
Finding displacement neighbors...
Finding lightmap sample positions...
Displacement Alpha : 0...1...2...3...4...5...6...7...8...9...10
Building Physics collision data...
done (0) (13989 bytes)
Placing detail props : 0...1...2...3...4...5...6...7...8...9...10
Compacting texture/material tables...
Reduced 76 texinfos to 55
Reduced 4 texdatas to 3 (117 bytes to 96)
Writing D:\GitHub\cp_wien\cp_wien.bsp
1 second elapsed



4 threads
reading d:\github\cp_wien\cp_wien.bsp
reading d:\github\cp_wien\cp_wien.prt
 153 portalclusters
 355 numportals
0...1...2...3...4...5...6...7...8...9...10Optimized: 75 visible clusters (0.34%)
Total clusters visible: 21752
Average clusters visible: 142
Building PAS...
Average clusters audible: 153
visdatasize:7349  compressed from 7344
writing d:\github\cp_wien\cp_wien.bsp
0 seconds elapsed



[Reading texlights from 'lights.rad']
[34 texlights parsed from 'lights.rad']

Loading d:\github\cp_wien\cp_wien.bsp
793 faces
1033011 square feet [148753584.00 square inches]
0 Displacements
0 Square Feet [0.00 Square Inches]
793 patches before subdivision
70169 patches after subdivision
0 direct lights
0...1...2...3...4...5...6...7...8...9...100...1...2...3...4...5...6...7...8...9...10transfers 5607309, max 367
transfer lists:  42.8 megs
0...1...2...3...4...5...6...7...8...9...10	Bounce #1 added RGB(0, 0, 0)
Build Patch/Sample Hash Table(s).....Done<0.0225 sec>
0...1...2...3...4...5...6...7...8...9...10FinalLightFace Done
0 of 0 (0% of) surface lights went in leaf ambient cubes.
0...1...2...3...4...5...6...7...8...9...10Writing leaf ambient...done
Ready to Finish

Object names       Objects/Maxobjs  Memory / Maxmem  Fullness 
------------       ---------------  ---------------  -------- 
models                   1/1024           48/49152    ( 0.1%) 
brushes                 37/8192          444/98304    ( 0.5%) 
brushsides             222/65536        1776/524288   ( 0.3%) 
planes                 140/65536        2800/1310720  ( 0.2%) 
vertexes              1040/65536       12480/786432   ( 1.6%) 
nodes                  369/65536       11808/2097152  ( 0.6%) 
texinfos                55/12288        3960/884736   ( 0.4%) 
texdata                  3/2048           96/65536    ( 0.1%) 
dispinfos                0/0               0/0        ( 0.0%) 
disp_verts               0/0               0/0        ( 0.0%) 
disp_tris                0/0               0/0        ( 0.0%) 
disp_lmsamples           0/0               0/0        ( 0.0%) 
faces                  793/65536       44408/3670016  ( 1.2%) 
hdr faces                0/65536           0/3670016  ( 0.0%) 
origfaces              142/65536        7952/3670016  ( 0.2%) 
leaves                 371/65536       11872/2097152  ( 0.6%) 
leaffaces              893/65536        1786/131072   ( 1.4%) 
leafbrushes            195/65536         390/131072   ( 0.3%) 
areas                    2/256            16/2048     ( 0.8%) 
surfedges             4188/512000      16752/2048000  ( 0.8%) 
edges                 2197/256000       8788/1024000  ( 0.9%) 
LDR worldlights          0/8192            0/720896   ( 0.0%) 
HDR worldlights          0/8192            0/720896   ( 0.0%) 
leafwaterdata            0/32768           0/393216   ( 0.0%) 
waterstrips             82/32768         820/327680   ( 0.3%) 
waterverts               0/65536           0/786432   ( 0.0%) 
waterindices          1041/65536        2082/131072   ( 1.6%) 
cubemapsamples           0/1024            0/16384    ( 0.0%) 
overlays                 0/512             0/180224   ( 0.0%) 
LDR lightdata         [variable]     1382688/0        ( 0.0%) 
HDR lightdata         [variable]           0/0        ( 0.0%) 
visdata               [variable]        7349/16777216 ( 0.0%) 
entdata               [variable]        3081/393216   ( 0.8%) 
LDR ambient table      371/65536        1484/262144   ( 0.6%) 
HDR ambient table      371/65536        1484/262144   ( 0.6%) 
LDR leaf ambient       153/65536        4284/1835008  ( 0.2%) 
HDR leaf ambient       371/65536       10388/1835008  ( 0.6%) 
occluders                0/0               0/0        ( 0.0%) 
occluder polygons        0/0               0/0        ( 0.0%) 
occluder vert ind        0/0               0/0        ( 0.0%) 
detail props          [variable]           1/12       ( 8.3%) 
static props          [variable]           1/12       ( 8.3%) 
pakfile               [variable]      105990/0        ( 0.0%) 
physics               [variable]       13989/4194304  ( 0.3%) 
physics terrain       [variable]           2/1048576  ( 0.0%) 

Level flags = 0

Total triangle count: 2034
Writing d:\github\cp_wien\cp_wien.bsp
4 seconds elapsed
